Arguments: 
  /usr/local/bin/node /usr/local/bin/yarn install

PATH: 
  /home/marie/.local/bin:/usr/local/sbin:/usr/local/bin:/usr/sbin:/usr/bin:/sbin:/bin:/usr/games:/usr/local/games:/snap/bin

Yarn version: 
  1.22.17

Node version: 
  14.16.1

Platform: 
  linux x64

Trace: 
  SyntaxError: /home/marie/Documents/code/personnal_website/package.json: Unexpected token / in JSON at position 579
      at JSON.parse (<anonymous>)
      at /usr/local/lib/node_modules/yarn/lib/cli.js:1625:59
      at Generator.next (<anonymous>)
      at step (/usr/local/lib/node_modules/yarn/lib/cli.js:310:30)
      at /usr/local/lib/node_modules/yarn/lib/cli.js:321:13

npm manifest: 
  {
    "name": "personnal_website",
    "version": "0.1.0",
    "private": true,
    "dependencies": {
      "@react-three/drei": "^3.0.0",
      "@react-three/fiber": "^7.0.21",
      "@testing-library/jest-dom": "^5.15.0",
      "@testing-library/react": "^11.2.7",
      "@testing-library/user-event": "^12.8.3",
      "corepack": "^0.10.0",
      "css-loader": "^6.5.1",
      "history": "^5.1.0",
      "lottie-web": "^5.8.1",
      "react": "^17.0.2",
      "react-dom": "^17.0.2",
      "react-router-dom": "^6.0.2",
      "react-scripts": "^4.0.3",
      "three": "^0.135.0"
  
    },
    "devDependencies": {
      // "@babel/core": "^7.16.0",
      // "@babel/plugin-proposal-class-properties": "^7.16.0",
      // "@babel/plugin-syntax-dynamic-import": "^7.8.3",
      // "@babel/preset-env": "^7.16.4",
      // "@babel/preset-react": "^7.16.0",
      // "html-webpack-plugin": "^5.5.0",
      // "style-loader": "^3.3.1"
      // "webpack-cli": "^2.0.14",
      // "webpack-dev-server": "^4.6.0"
    },
    "scripts": {
      "start": "react-scripts start",
      "build": "react-scripts build",
      "test": "webpack-dev-server",
      "eject": "react-scripts eject"
    },
    "eslintConfig": {
      "extends": [
        "react-app",
        "react-app/jest"
      ]
    },
    "browserslist": {
      "production": [
        ">0.2%",
        "not dead",
        "not op_mini all"
      ],
      "development": [
        "last 1 chrome version",
        "last 1 firefox version",
        "last 1 safari version"
      ]
    }
  }

yarn manifest: 
  No manifest

Lockfile: 
  No lockfile
